<?xml version="1.0" encoding="UTF-8"?>
<coverage generated="1654791924069" clover="3.2.0">
  <project timestamp="1654791924069" name="All files">
    <metrics statements="17" coveredstatements="13" conditionals="0" coveredconditionals="0" methods="6" coveredmethods="3" elements="23" coveredelements="16" complexity="0" loc="17" ncloc="17" packages="4" files="6" classes="6"/>
    <package name="directives.requireAuth">
      <metrics statements="4" coveredstatements="4" conditionals="0" coveredconditionals="0" methods="1" coveredmethods="1"/>
      <file name="requireAuth.ts" path="/Users/jkersey/Desktop/dev/learning/redwood/redwoodblog/api/src/directives/requireAuth/requireAuth.ts">
        <metrics statements="4" coveredstatements="4" conditionals="0" coveredconditionals="0" methods="1" coveredmethods="1"/>
        <line num="15" count="1" type="stmt"/>
        <line num="16" count="1" type="stmt"/>
        <line num="17" count="1" type="stmt"/>
        <line num="20" count="1" type="stmt"/>
      </file>
    </package>
    <package name="directives.skipAuth">
      <metrics statements="2" coveredstatements="1" conditionals="0" coveredconditionals="0" methods="1" coveredmethods="0"/>
      <file name="skipAuth.ts" path="/Users/jkersey/Desktop/dev/learning/redwood/redwoodblog/api/src/directives/skipAuth/skipAuth.ts">
        <metrics statements="2" coveredstatements="1" conditionals="0" coveredconditionals="0" methods="1" coveredmethods="0"/>
        <line num="12" count="1" type="stmt"/>
        <line num="13" count="0" type="stmt"/>
      </file>
    </package>
    <package name="functions">
      <metrics statements="2" coveredstatements="0" conditionals="0" coveredconditionals="0" methods="1" coveredmethods="0"/>
      <file name="graphql.ts" path="/Users/jkersey/Desktop/dev/learning/redwood/redwoodblog/api/src/functions/graphql.ts">
        <metrics statements="2" coveredstatements="0" conditionals="0" coveredconditionals="0" methods="1" coveredmethods="0"/>
        <line num="10" count="0" type="stmt"/>
        <line num="17" count="0" type="stmt"/>
      </file>
    </package>
    <package name="lib">
      <metrics statements="9" coveredstatements="8" conditionals="0" coveredconditionals="0" methods="3" coveredmethods="2"/>
      <file name="auth.ts" path="/Users/jkersey/Desktop/dev/learning/redwood/redwoodblog/api/src/lib/auth.ts">
        <metrics statements="6" coveredstatements="5" conditionals="0" coveredconditionals="0" methods="3" coveredmethods="2"/>
        <line num="10" count="1" type="stmt"/>
        <line num="11" count="1" type="stmt"/>
        <line num="14" count="1" type="stmt"/>
        <line num="15" count="0" type="stmt"/>
        <line num="23" count="1" type="stmt"/>
        <line num="24" count="1" type="stmt"/>
      </file>
      <file name="db.ts" path="/Users/jkersey/Desktop/dev/learning/redwood/redwoodblog/api/src/lib/db.ts">
        <metrics statements="2" coveredstatements="2" conditionals="0" coveredconditionals="0" methods="0" coveredmethods="0"/>
        <line num="13" count="2" type="stmt"/>
        <line num="17" count="2" type="stmt"/>
      </file>
      <file name="logger.ts" path="/Users/jkersey/Desktop/dev/learning/redwood/redwoodblog/api/src/lib/logger.ts">
        <metrics statements="1" coveredstatements="1" conditionals="0" coveredconditionals="0" methods="0" coveredmethods="0"/>
        <line num="17" count="2" type="stmt"/>
      </file>
    </package>
  </project>
</coverage>
