{"/Users/jkersey/Desktop/dev/learning/redwood/redwoodblog/api/src/directives/requireAuth/requireAuth.ts": {"path":"/Users/jkersey/Desktop/dev/learning/redwood/redwoodblog/api/src/directives/requireAuth/requireAuth.ts","statementMap":{"0":{"start":{"line":15,"column":17},"end":{"line":18,"column":1}},"1":{"start":{"line":16,"column":20},"end":{"line":16,"column":33}},"2":{"start":{"line":17,"column":2},"end":{"line":17,"column":35}},"3":{"start":{"line":20,"column":20},"end":{"line":20,"column":62}}},"fnMap":{"0":{"name":"(anonymous_0)","decl":{"start":{"line":15,"column":17},"end":{"line":15,"column":18}},"loc":{"start":{"line":15,"column":40},"end":{"line":18,"column":1}},"line":15}},"branchMap":{},"s":{"0":1,"1":1,"2":1,"3":1},"f":{"0":1},"b":{},"_coverageSchema":"1a1c01bbd47fc00a2c39e90264f33305004495a9","hash":"37308d9d5c0a0ddac34b61f50d0bd54a46e86652"}
,"/Users/jkersey/Desktop/dev/learning/redwood/redwoodblog/api/src/directives/skipAuth/skipAuth.ts": {"path":"/Users/jkersey/Desktop/dev/learning/redwood/redwoodblog/api/src/directives/skipAuth/skipAuth.ts","statementMap":{"0":{"start":{"line":12,"column":17},"end":{"line":14,"column":2}},"1":{"start":{"line":13,"column":2},"end":{"line":13,"column":8}}},"fnMap":{"0":{"name":"(anonymous_0)","decl":{"start":{"line":12,"column":50},"end":{"line":12,"column":51}},"loc":{"start":{"line":12,"column":56},"end":{"line":14,"column":1}},"line":12}},"branchMap":{},"s":{"0":1,"1":0},"f":{"0":0},"b":{},"_coverageSchema":"1a1c01bbd47fc00a2c39e90264f33305004495a9","hash":"0d6e6b9406a23d60738fbd5401bae986908e150b"}
,"/Users/jkersey/Desktop/dev/learning/redwood/redwoodblog/api/src/functions/graphql.ts": {"path":"/Users/jkersey/Desktop/dev/learning/redwood/redwoodblog/api/src/functions/graphql.ts","statementMap":{"0":{"start":{"line":10,"column":23},"end":{"line":19,"column":2}},"1":{"start":{"line":17,"column":4},"end":{"line":17,"column":20}}},"fnMap":{"0":{"name":"(anonymous_0)","decl":{"start":{"line":15,"column":15},"end":{"line":15,"column":16}},"loc":{"start":{"line":15,"column":21},"end":{"line":18,"column":3}},"line":15}},"branchMap":{},"s":{"0":0,"1":0},"f":{"0":0},"b":{}}
,"/Users/jkersey/Desktop/dev/learning/redwood/redwoodblog/api/src/lib/auth.ts": {"path":"/Users/jkersey/Desktop/dev/learning/redwood/redwoodblog/api/src/lib/auth.ts","statementMap":{"0":{"start":{"line":10,"column":31},"end":{"line":12,"column":1}},"1":{"start":{"line":11,"column":2},"end":{"line":11,"column":13}},"2":{"start":{"line":14,"column":23},"end":{"line":16,"column":1}},"3":{"start":{"line":15,"column":2},"end":{"line":15,"column":28}},"4":{"start":{"line":23,"column":27},"end":{"line":25,"column":1}},"5":{"start":{"line":24,"column":2},"end":{"line":24,"column":26}}},"fnMap":{"0":{"name":"(anonymous_0)","decl":{"start":{"line":10,"column":31},"end":{"line":10,"column":32}},"loc":{"start":{"line":10,"column":37},"end":{"line":12,"column":1}},"line":10},"1":{"name":"(anonymous_1)","decl":{"start":{"line":14,"column":23},"end":{"line":14,"column":24}},"loc":{"start":{"line":14,"column":38},"end":{"line":16,"column":1}},"line":14},"2":{"name":"(anonymous_2)","decl":{"start":{"line":23,"column":27},"end":{"line":23,"column":28}},"loc":{"start":{"line":23,"column":42},"end":{"line":25,"column":1}},"line":23}},"branchMap":{},"s":{"0":1,"1":1,"2":1,"3":0,"4":1,"5":1},"f":{"0":1,"1":0,"2":1},"b":{},"_coverageSchema":"1a1c01bbd47fc00a2c39e90264f33305004495a9","hash":"7de883cf5edd409ea2c6454e8f2d25409d4fff8f"}
,"/Users/jkersey/Desktop/dev/learning/redwood/redwoodblog/api/src/lib/db.ts": {"path":"/Users/jkersey/Desktop/dev/learning/redwood/redwoodblog/api/src/lib/db.ts","statementMap":{"0":{"start":{"line":13,"column":18},"end":{"line":15,"column":2}},"1":{"start":{"line":17,"column":0},"end":{"line":21,"column":2}}},"fnMap":{},"branchMap":{},"s":{"0":2,"1":2},"f":{},"b":{},"_coverageSchema":"1a1c01bbd47fc00a2c39e90264f33305004495a9","hash":"fd98deb29b3a4679ba468fb7dae37949f8f9ebec"}
,"/Users/jkersey/Desktop/dev/learning/redwood/redwoodblog/api/src/lib/logger.ts": {"path":"/Users/jkersey/Desktop/dev/learning/redwood/redwoodblog/api/src/lib/logger.ts","statementMap":{"0":{"start":{"line":17,"column":22},"end":{"line":17,"column":38}}},"fnMap":{},"branchMap":{},"s":{"0":2},"f":{},"b":{},"_coverageSchema":"1a1c01bbd47fc00a2c39e90264f33305004495a9","hash":"94c3365b47b999ec0067133b985b8214cba9b2a0"}
}
